#
# A fatal error has been detected by the Java Runtime Environment:
#
#  EXCEPTION_ACCESS_VIOLATION (0xc0000005) at pc=0x00007ffa027562d7, pid=4736, tid=19168
#
# JRE version: OpenJDK Runtime Environment (18.0.1.1+2) (build 18.0.1.1+2-6)
# Java VM: OpenJDK 64-Bit Server VM (18.0.1.1+2-6, mixed mode, sharing, tiered, compressed oops, compressed class ptrs, g1 gc, windows-amd64)
# Problematic frame:
# C  [glass.dll+0x262d7]
#
# No core dump will be written. Minidumps are not enabled by default on client versions of Windows
#
# If you would like to submit a bug report, please visit:
#   https://bugreport.java.com/bugreport/crash.jsp
#

---------------  S U M M A R Y ------------

Command Line: -javaagent:C:\Program Files\JetBrains\IntelliJ IDEA Community Edition 2022.1.3\lib\idea_rt.jar=57884:C:\Program Files\JetBrains\IntelliJ IDEA Community Edition 2022.1.3\bin -Dfile.encoding=windows-1251 --module-path=C:\Users\krivy\.m2\repository\org\openjfx\javafx-base\18\javafx-base-18-win.jar;C:\Users\krivy\.m2\repository\com\github\almasb\fxgl-io\17\fxgl-io-17.jar;C:\Users\krivy\.m2\repository\com\gluonhq\attach\audio\4.0.9\audio-4.0.9.jar;C:\Users\krivy\.m2\repository\org\openjfx\javafx-fxml\18\javafx-fxml-18-win.jar;C:\Users\krivy\.m2\repository\com\github\almasb\fxgl-core\17\fxgl-core-17.jar;C:\Users\krivy\.m2\repository\com\github\almasb\fxgl\17\fxgl-17.jar;C:\Users\krivy\.m2\repository\org\openjfx\javafx-controls\18\javafx-controls-18-win.jar;C:\Users\krivy\.m2\repository\com\gluonhq\attach\lifecycle\4.0.9\lifecycle-4.0.9.jar;C:\Users\krivy\.m2\repository\org\openjfx\javafx-media\18\javafx-media-18-win.jar;C:\Users\krivy\.m2\repository\com\dlsc\formsfx\formsfx-core\11.3.2\formsfx-core-11.3.2.jar;C:\Users\krivy\.m2\repository\com\github\almasb\fxgl-gameplay\17\fxgl-gameplay-17.jar;C:\Users\krivy\.m2\repository\com\fasterxml\jackson\core\jackson-annotations\2.12.1\jackson-annotations-2.12.1.jar;C:\Users\krivy\.m2\repository\com\fasterxml\jackson\core\jackson-databind\2.12.1\jackson-databind-2.12.1.jar;C:\Users\krivy\.m2\repository\org\kordamp\bootstrapfx\bootstrapfx-core\0.4.0\bootstrapfx-core-0.4.0.jar;C:\Users\krivy\.m2\repository\com\gluonhq\attach\storage\4.0.9\storage-4.0.9.jar;C:\Users\krivy\.m2\repository\com\gluonhq\attach\util\4.0.9\util-4.0.9.jar;C:\Users\krivy\IdeaProjects\kis\target\classes;C:\Users\krivy\.m2\repository\org\jetbrains\kotlin\kotlin-stdlib\1.5.32\kotlin-stdlib-1.5.32-modular.jar;C:\Users\krivy\.m2\repository\com\github\almasb\fxgl-entity\17\fxgl-entity-17.jar;C:\Users\krivy\.m2\repository\org\controlsfx\controlsfx\11.1.1\controlsfx-11.1.1.jar;C:\Users\krivy\.m2\repository\com\fasterxml\jackson\core\jackson-core\2.12.1\jackson-core-2.12.1.jar;C:\Users\krivy\.m2\repository\com\github\almasb\fxgl-scene\17\fxgl-scene-17.jar;C:\Users\krivy\.m2\repository\org\openjfx\javafx-graphics\18\javafx-graphics-18-win.jar -Djdk.module.main=com.example.kis com.example.kis/com.example.kis.Main

Host: AMD Ryzen 5 5500U with Radeon Graphics         , 12 cores, 15G,  Windows 11 , 64 bit Build 22000 (10.0.22000.1219)
Time: Mon Dec  5 17:05:23 2022 RTZ 2 (s 11 , 64 bit Build 22000 (10.0.22000.1219) elapsed time: 42.885881 seconds (0d 0h 0m 42s)

---------------  T H R E A D  ---------------

Current thread (0x000001596cab93c0):  VMThread "VM Thread" [stack: 0x0000001cb4a00000,0x0000001cb4b00000] [id=19168]

Stack: [0x0000001cb4a00000,0x0000001cb4b00000],  sp=0x0000001cb4aff0d0,  free space=1020k
Native frames: (J=compiled Java code, j=interpreted, Vv=VM code, C=native code)
C  [glass.dll+0x262d7]


siginfo: EXCEPTION_ACCESS_VIOLATION (0xc0000005), reading address 0x0000000000000000


Register to memory mapping:

RIP=0x00007ffa027562d7 glass.dll
RAX=0x0 is NULL
RBX=0x000001596cac11a8 is a global jni handle
RCX=0x000001596cab93c0 points into unknown readable memory: 0x00007ff9b304d938 | 38 d9 04 b3 f9 7f 00 00
RDX=0x0000001cb4aff0d0 points into unknown readable memory: 0x0000000000000000 | 00 00 00 00 00 00 00 00
RSP=0x0000001cb4aff0d0 points into unknown readable memory: 0x0000000000000000 | 00 00 00 00 00 00 00 00
RBP=0x00000159726f3438 points into unknown readable memory: 0x0000cfbc84930f46 | 46 0f 93 84 bc cf 00 00
RSI=0x00000159726f3410 points into unknown readable memory: 0x001f313c19deb846 | 46 b8 de 19 3c 31 1f 00
RDI=0x0000cfbc84930f46 is an unknown value
R8 =0x0000000000010002 is an unknown value
R9 =0x0000cfbc84930f46 is an unknown value
R10=0x85f13e9656da4870 is an unknown value
R11=0x0000001cb4aff060 points into unknown readable memory: 0x00000159726f3410 | 10 34 6f 72 59 01 00 00
R12=0x00007ffa02753bc4 glass.dll
R13=0x0000000000000001 is an unknown value
R14=0x0000001cb4aff1d8 points into unknown readable memory: 0x0000001cb4aff1c0 | c0 f1 af b4 1c 00 00 00
R15=0x00000159726f3410 points into unknown readable memory: 0x001f313c19deb846 | 46 b8 de 19 3c 31 1f 00


Registers:
RAX=0x0000000000000000, RBX=0x000001596cac11a8, RCX=0x000001596cab93c0, RDX=0x0000001cb4aff0d0
RSP=0x0000001cb4aff0d0, RBP=0x00000159726f3438, RSI=0x00000159726f3410, RDI=0x0000cfbc84930f46
R8 =0x0000000000010002, R9 =0x0000cfbc84930f46, R10=0x85f13e9656da4870, R11=0x0000001cb4aff060
R12=0x00007ffa02753bc4, R13=0x0000000000000001, R14=0x0000001cb4aff1d8, R15=0x00000159726f3410
RIP=0x00007ffa027562d7, EFLAGS=0x0000000000010202

Top of Stack: (sp=0x0000001cb4aff0d0)
0x0000001cb4aff0d0:   0000000000000000 00000159726f3410
0x0000001cb4aff0e0:   0000000000000001 00007ffa02753bc4
0x0000001cb4aff0f0:   00000159726f3418 00007ffa3bd5bea0
0x0000001cb4aff100:   0000cfbc84930f46 0000015900000000
0x0000001cb4aff110:   00000159726f3438 00000159726f3410
0x0000001cb4aff120:   fffffffffffffffe 0000000000000000
0x0000001cb4aff130:   0000000000000001 00007ffa02730000
0x0000001cb4aff140:   0000001cb4aff1c8 00007ffa3bd5bdb7
0x0000001cb4aff150:   0000000000000000 0000001cb4aff1d8
0x0000001cb4aff160:   0000001cb4aff4c0 00007ffa3be412b0
0x0000001cb4aff170:   0000000000000001 00007ffa3bd5bd6d
0x0000001cb4aff180:   0000000000000000 0000000000000001
0x0000001cb4aff190:   0000000000000000 0000001cb4aff1c8
0x0000001cb4aff1a0:   fffffffffffffffe 0000000000000000
0x0000001cb4aff1b0:   0000000000000001 00007ffa02753a51
0x0000001cb4aff1c0:   00007ffa02769f88 0000000000000002 

Instructions: (pc=0x00007ffa027562d7)
0x00007ffa027561d7:   8b 4d 58 e8 2d cf ff ff 48 8b 4d 60 e8 24 cf ff
0x00007ffa027561e7:   ff 48 8b 95 80 00 00 00 48 8b 8d 18 01 00 00 e8
0x00007ffa027561f7:   16 c4 ff ff 33 d2 33 c9 e8 5c e1 ff ff 90 48 89
0x00007ffa02756207:   54 24 10 55 48 83 ec 20 48 8b ea 48 b8 00 00 00
0x00007ffa02756217:   00 00 00 00 00 48 83 c4 20 5d c3 cc 40 55 48 8b
0x00007ffa02756227:   ea 48 8b 01 33 c9 81 38 05 00 00 c0 0f 94 c1 8b
0x00007ffa02756237:   c1 5d c3 cc 40 55 48 83 ec 20 48 8b ea 8a 4d 40
0x00007ffa02756247:   48 83 c4 20 5d e9 17 d3 ff ff cc 40 55 48 83 ec
0x00007ffa02756257:   20 48 8b ea 8a 4d 20 e8 05 d3 ff ff 90 48 83 c4
0x00007ffa02756267:   20 5d c3 cc 40 55 48 83 ec 20 48 8b ea 48 83 c4
0x00007ffa02756277:   20 5d e9 66 d1 ff ff cc 40 55 48 83 ec 30 48 8b
0x00007ffa02756287:   ea 48 8b 01 8b 10 48 89 4c 24 28 89 54 24 20 4c
0x00007ffa02756297:   8d 0d 07 d6 ff ff 4c 8b 45 70 8b 55 68 48 8b 4d
0x00007ffa027562a7:   60 e8 a7 d0 ff ff 90 48 83 c4 30 5d c3 cc cc cc
0x00007ffa027562b7:   cc cc cc cc cc cc cc cc cc 40 53 48 83 ec 20 48
0x00007ffa027562c7:   8b 1d bb 36 01 00 48 85 db 74 16 e8 59 8b ff ff
0x00007ffa027562d7:   4c 8b 00 48 8b d3 48 8b c8 41 ff 90 b0 00 00 00
0x00007ffa027562e7:   90 48 83 c4 20 5b c3 cc cc 40 53 48 83 ec 20 48
0x00007ffa027562f7:   8b 1d 2b 38 01 00 48 85 db 74 57 b8 ff ff ff ff
0x00007ffa02756307:   f0 0f c1 43 10 83 f8 01 75 3d 48 85 db 74 38 48
0x00007ffa02756317:   8b 0b 48 85 c9 74 0d ff 15 84 0f 00 00 48 c7 03
0x00007ffa02756327:   00 00 00 00 48 8b 4b 08 48 85 c9 74 0d e8 d3 cd
0x00007ffa02756337:   ff ff 48 c7 43 08 00 00 00 00 ba 18 00 00 00 48
0x00007ffa02756347:   8b cb e8 be cd ff ff 48 c7 05 cf 37 01 00 00 00
0x00007ffa02756357:   00 00 48 83 c4 20 5b c3 cc 40 53 48 83 ec 20 48
0x00007ffa02756367:   8b 1d 9b 37 01 00 48 85 db 74 57 b8 ff ff ff ff
0x00007ffa02756377:   f0 0f c1 43 10 83 f8 01 75 3d 48 85 db 74 38 48
0x00007ffa02756387:   8b 0b 48 85 c9 74 0d ff 15 14 0f 00 00 48 c7 03
0x00007ffa02756397:   00 00 00 00 48 8b 4b 08 48 85 c9 74 0d e8 63 cd
0x00007ffa027563a7:   ff ff 48 c7 43 08 00 00 00 00 ba 18 00 00 00 48
0x00007ffa027563b7:   8b cb e8 4e cd ff ff 48 c7 05 3f 37 01 00 00 00
0x00007ffa027563c7:   00 00 48 83 c4 20 5b c3 cc 40 53 48 83 ec 20 48 


Stack slot to memory mapping:
stack at sp + 0 slots: 0x0 is NULL
stack at sp + 1 slots: 0x00000159726f3410 points into unknown readable memory: 0x001f313c19deb846 | 46 b8 de 19 3c 31 1f 00
stack at sp + 2 slots: 0x0000000000000001 is an unknown value
stack at sp + 3 slots: 0x00007ffa02753bc4 glass.dll
stack at sp + 4 slots: 0x00000159726f3418 points into unknown readable memory: 0x0000cfbc84930f46 | 46 0f 93 84 bc cf 00 00
stack at sp + 5 slots: 0x00007ffa3bd5bea0 ucrtbase.dll
stack at sp + 6 slots: 0x0000cfbc84930f46 is an unknown value
stack at sp + 7 slots: 0x0000015900000000 is an unknown value

VM_Operation (0x0000001cb76ff380): Exit, mode: safepoint, requested by thread 0x0000015971fec430


---------------  P R O C E S S  ---------------

Threads class SMR info:
_java_thread_list=0x0000015972f14c00, length=22, elements={
0x000001594a6a8010, 0x000001596cabdf50, 0x000001596cabe800, 0x000001596cad5270,
0x000001596cad5b20, 0x000001596cad63d0, 0x000001596cadecb0, 0x000001596cae25e0,
0x000001596caf4030, 0x000001596caf4920, 0x00000159715bdf20, 0x00000159715c0f40,
0x00000159715bfc00, 0x00000159715c1410, 0x00000159715bda50, 0x00000159715be3f0,
0x00000159715be8c0, 0x00000159715bed90, 0x00000159715bf730, 0x00000159715c0a70,
0x00000159715c00d0, 0x0000015971fec430
}

Java Threads: ( => current thread )
  0x000001594a6a8010 JavaThread "main" [_thread_blocked, id=2988, stack(0x0000001cb4400000,0x0000001cb4500000)]
  0x000001596cabdf50 JavaThread "Reference Handler" daemon [_thread_blocked, id=5960, stack(0x0000001cb4b00000,0x0000001cb4c00000)]
  0x000001596cabe800 JavaThread "Finalizer" daemon [_thread_blocked, id=23136, stack(0x0000001cb4c00000,0x0000001cb4d00000)]
  0x000001596cad5270 JavaThread "Signal Dispatcher" daemon [_thread_blocked, id=20352, stack(0x0000001cb4d00000,0x0000001cb4e00000)]
  0x000001596cad5b20 JavaThread "Attach Listener" daemon [_thread_blocked, id=17436, stack(0x0000001cb4e00000,0x0000001cb4f00000)]
  0x000001596cad63d0 JavaThread "Service Thread" daemon [_thread_blocked, id=1284, stack(0x0000001cb4f00000,0x0000001cb5000000)]
  0x000001596cadecb0 JavaThread "Monitor Deflation Thread" daemon [_thread_blocked, id=520, stack(0x0000001cb5000000,0x0000001cb5100000)]
  0x000001596cae25e0 JavaThread "C2 CompilerThread0" daemon [_thread_blocked, id=18692, stack(0x0000001cb5100000,0x0000001cb5200000)]
  0x000001596caf4030 JavaThread "C1 CompilerThread0" daemon [_thread_blocked, id=10264, stack(0x0000001cb5200000,0x0000001cb5300000)]
  0x000001596caf4920 JavaThread "Sweeper thread" daemon [_thread_blocked, id=23204, stack(0x0000001cb5300000,0x0000001cb5400000)]
  0x00000159715bdf20 JavaThread "Common-Cleaner" daemon [_thread_blocked, id=9820, stack(0x0000001cb5400000,0x0000001cb5500000)]
  0x00000159715c0f40 JavaThread "Monitor Ctrl-Break" daemon [_thread_in_native, id=18396, stack(0x0000001cb5700000,0x0000001cb5800000)]
  0x00000159715bfc00 JavaThread "Notification Thread" daemon [_thread_blocked, id=19336, stack(0x0000001cb5800000,0x0000001cb5900000)]
  0x00000159715c1410 JavaThread "QuantumRenderer-0" daemon [_thread_blocked, id=14016, stack(0x0000001cb5a00000,0x0000001cb5b00000)]
  0x00000159715bda50 JavaThread "InvokeLaterDispatcher" daemon [_thread_blocked, id=21880, stack(0x0000001cb5d00000,0x0000001cb5e00000)]
  0x00000159715be3f0 JavaThread "JavaFX Application Thread" [_thread_in_native, id=8152, stack(0x0000001cb5e00000,0x0000001cb5f00000)]
  0x00000159715be8c0 JavaThread "Thread-1" daemon [_thread_in_native, id=7292, stack(0x0000001cb5500000,0x0000001cb5600000)]
  0x00000159715bed90 JavaThread "JavaFX-Launcher" [_thread_blocked, id=15528, stack(0x0000001cb6b00000,0x0000001cb6c00000)]
  0x00000159715bf730 JavaThread "Prism Font Disposer" daemon [_thread_blocked, id=19276, stack(0x0000001cb6f00000,0x0000001cb7000000)]
  0x00000159715c0a70 JavaThread "Cleaner-0" daemon [_thread_blocked, id=7928, stack(0x0000001cb7000000,0x0000001cb7100000)]
  0x00000159715c00d0 JavaThread "mysql-cj-abandoned-connection-cleanup" daemon [_thread_blocked, id=3008, stack(0x0000001cb7500000,0x0000001cb7600000)]
  0x0000015971fec430 JavaThread "SIGINT handler" daemon [_thread_blocked, id=12404, stack(0x0000001cb7600000,0x0000001cb7700000)]

Other Threads:
=>0x000001596cab93c0 VMThread "VM Thread" [stack: 0x0000001cb4a00000,0x0000001cb4b00000] [id=19168]
  0x000001594a717650 WorkerThread "GC Thread#0" [stack: 0x0000001cb4500000,0x0000001cb4600000] [id=12068]
  0x0000015972a691b0 WorkerThread "GC Thread#1" [stack: 0x0000001cb5600000,0x0000001cb5700000] [id=9476]
  0x00000159725191d0 WorkerThread "GC Thread#2" [stack: 0x0000001cb6700000,0x0000001cb6800000] [id=21424]
  0x0000015972519880 WorkerThread "GC Thread#3" [stack: 0x0000001cb6800000,0x0000001cb6900000] [id=21216]
  0x000001597263e300 WorkerThread "GC Thread#4" [stack: 0x0000001cb6900000,0x0000001cb6a00000] [id=824]
  0x00000159726367d0 WorkerThread "GC Thread#5" [stack: 0x0000001cb6a00000,0x0000001cb6b00000] [id=5516]
  0x0000015972d8ad70 WorkerThread "GC Thread#6" [stack: 0x0000001cb7100000,0x0000001cb7200000] [id=18240]
  0x00000159730906d0 WorkerThread "GC Thread#7" [stack: 0x0000001cb7200000,0x0000001cb7300000] [id=12796]
  0x0000015972fb3ed0 WorkerThread "GC Thread#8" [stack: 0x0000001cb7300000,0x0000001cb7400000] [id=4792]
  0x0000015973054d00 WorkerThread "GC Thread#9" [stack: 0x0000001cb7400000,0x0000001cb7500000] [id=6692]
  0x000001594a727ba0 ConcurrentGCThread "G1 Main Marker" terminated
  0x000001594a728490 WorkerThread "G1 Conc#0" [stack: 0x0000001cb4700000,0x0000001cb4800000] [id=9120]
  0x0000015972315170 WorkerThread "G1 Conc#1" [stack: 0x0000001cb7800000,0x0000001cb7900000] [id=9632]
  0x0000015972315e90 WorkerThread "G1 Conc#2" [stack: 0x0000001cb7900000,0x0000001cb7a00000] [id=18760]
  0x000001594a75a2b0 ConcurrentGCThread "G1 Refine#0" terminated
  0x000001594a75b980 ConcurrentGCThread "G1 Service" terminated

Threads with active compile tasks:

VM state: at safepoint (shutting down)

VM Mutex/Monitor currently owned by a thread:  ([mutex/lock_event])
[0x000001594a6a3090] Threads_lock - owner thread: 0x000001596cab93c0
[0x000001594a6a3120] Heap_lock - owner thread: 0x0000015971fec430

Heap address: 0x000000070a400000, size: 3932 MB, Compressed Oops mode: Zero based, Oop shift amount: 3

CDS archive(s) mapped at: [0x0000000800000000-0x0000000800b90000-0x0000000800b90000), size 12124160, SharedBaseAddress: 0x0000000800000000, ArchiveRelocationMode: 0.
Compressed class space mapped at: 0x0000000800c00000-0x0000000840c00000, reserved size: 1073741824
Narrow klass base: 0x0000000800000000, Narrow klass shift: 0, Narrow klass range: 0x100000000

GC Precious Log:
 CardTable entry size: 512
 Card Set container configuration: InlinePtr #cards 4 size 8 Array Of Cards #cards 16 size 48 Howl #buckets 8 coarsen threshold 3686 Howl Bitmap #cards 512 size 80 coarsen threshold 460 Card regions per heap region 1 cards per card region 4096
 CPUs: 12 total, 12 available
 Memory: 15722M
 Large Page Support: Disabled
 NUMA Support: Disabled
 Compressed Oops: Enabled (Zero based)
 Heap Region Size: 2M
 Heap Min Capacity: 8M
 Heap Initial Capacity: 246M
 Heap Max Capacity: 3932M
 Pre-touch: Disabled
 Parallel Workers: 10
 Concurrent Workers: 3
 Concurrent Refinement Workers: 10
 Periodic GC: Disabled

Heap:
 garbage-first heap   total 55296K, used 29488K [0x000000070a400000, 0x0000000800000000)
  region size 2048K, 10 young (20480K), 1 survivors (2048K)
 Metaspace       used 26399K, committed 26752K, reserved 1114112K
  class space    used 3475K, committed 3648K, reserved 1048576K

Heap Regions: E=young(eden), S=young(survivor), O=old, HS=humongous(starts), HC=humongous(continues), CS=collection set, F=free, OA=open archive, CA=closed archive, TAMS=top-at-mark-start (previous, next)
|   0|0x000000070a400000, 0x000000070a400000, 0x000000070a600000|  0%| F|  |TAMS 0x000000070a400000, 0x000000070a400000| Untracked 
|   1|0x000000070a600000, 0x000000070a800000, 0x000000070a800000|100%|HS|  |TAMS 0x000000070a800000, 0x000000070a600000| Complete 
|   2|0x000000070a800000, 0x000000070aa00000, 0x000000070aa00000|100%| O|  |TAMS 0x000000070a800000, 0x000000070a800000| Untracked 
|   3|0x000000070aa00000, 0x000000070ac00000, 0x000000070ac00000|100%| O|  |TAMS 0x000000070aa00000, 0x000000070aa00000| Untracked 
|   4|0x000000070ac00000, 0x000000070ae00000, 0x000000070ae00000|100%| O|  |TAMS 0x000000070ac00000, 0x000000070ac00000| Untracked 
|   5|0x000000070ae00000, 0x000000070b000000, 0x000000070b000000|100%| O|  |TAMS 0x000000070ae00000, 0x000000070ae00000| Untracked 
|   6|0x000000070b000000, 0x000000070b200000, 0x000000070b200000|100%| O|  |TAMS 0x000000070b000000, 0x000000070b000000| Untracked 
|   7|0x000000070b200000, 0x000000070b3e0c00, 0x000000070b400000| 93%| O|  |TAMS 0x000000070b200000, 0x000000070b200000| Untracked 
|   8|0x000000070b400000, 0x000000070b400000, 0x000000070b600000|  0%| F|  |TAMS 0x000000070b400000, 0x000000070b400000| Untracked 
|   9|0x000000070b600000, 0x000000070b600000, 0x000000070b800000|  0%| F|  |TAMS 0x000000070b600000, 0x000000070b600000| Untracked 
|  10|0x000000070b800000, 0x000000070b800000, 0x000000070ba00000|  0%| F|  |TAMS 0x000000070b800000, 0x000000070b800000| Untracked 
|  11|0x000000070ba00000, 0x000000070ba00000, 0x000000070bc00000|  0%| F|  |TAMS 0x000000070ba00000, 0x000000070ba00000| Untracked 
|  12|0x000000070bc00000, 0x000000070bc00000, 0x000000070be00000|  0%| F|  |TAMS 0x000000070bc00000, 0x000000070bc00000| Untracked 
|  13|0x000000070be00000, 0x000000070be00000, 0x000000070c000000|  0%| F|  |TAMS 0x000000070be00000, 0x000000070be00000| Untracked 
|  14|0x000000070c000000, 0x000000070c000000, 0x000000070c200000|  0%| F|  |TAMS 0x000000070c000000, 0x000000070c000000| Untracked 
|  15|0x000000070c200000, 0x000000070c200000, 0x000000070c400000|  0%| F|  |TAMS 0x000000070c200000, 0x000000070c200000| Untracked 
|  16|0x000000070c400000, 0x000000070c400000, 0x000000070c600000|  0%| F|  |TAMS 0x000000070c400000, 0x000000070c400000| Untracked 
|  17|0x000000070c600000, 0x000000070c617098, 0x000000070c800000|  4%| E|  |TAMS 0x000000070c600000, 0x000000070c600000| Complete 
|  18|0x000000070c800000, 0x000000070ca00000, 0x000000070ca00000|100%| E|CS|TAMS 0x000000070c800000, 0x000000070c800000| Complete 
|  19|0x000000070ca00000, 0x000000070cc00000, 0x000000070cc00000|100%| E|CS|TAMS 0x000000070ca00000, 0x000000070ca00000| Complete 
|  20|0x000000070cc00000, 0x000000070ce00000, 0x000000070ce00000|100%| E|CS|TAMS 0x000000070cc00000, 0x000000070cc00000| Complete 
| 110|0x0000000718000000, 0x0000000718200000, 0x0000000718200000|100%| E|CS|TAMS 0x0000000718000000, 0x0000000718000000| Complete 
| 111|0x0000000718200000, 0x0000000718400000, 0x0000000718400000|100%| E|CS|TAMS 0x0000000718200000, 0x0000000718200000| Complete 
| 112|0x0000000718400000, 0x0000000718600000, 0x0000000718600000|100%| E|CS|TAMS 0x0000000718400000, 0x0000000718400000| Complete 
| 113|0x0000000718600000, 0x0000000718800000, 0x0000000718800000|100%| E|  |TAMS 0x0000000718600000, 0x0000000718600000| Complete 
| 114|0x0000000718800000, 0x00000007188eb730, 0x0000000718a00000| 45%| S|CS|TAMS 0x0000000718800000, 0x0000000718800000| Complete 
| 122|0x0000000719800000, 0x0000000719a00000, 0x0000000719a00000|100%| E|CS|TAMS 0x0000000719800000, 0x0000000719800000| Complete 

Card table byte_map: [0x0000015961ce0000,0x0000015962490000] _byte_map_base: 0x000001595e48e000

Marking Bits (Prev, Next): (CMBitMap*) 0x000001594a717b90, (CMBitMap*) 0x000001594a717b50
 Prev Bits: [0x00000159669b0000, 0x000001596a720000)
 Next Bits: [0x0000015962c40000, 0x00000159669b0000)

Polling page: 0x00000159485f0000

Metaspace:

Usage:
  Non-class:     22.39 MB used.
      Class:      3.39 MB used.
       Both:     25.78 MB used.

Virtual space:
  Non-class space:       64.00 MB reserved,      22.56 MB ( 35%) committed,  1 nodes.
      Class space:        1.00 GB reserved,       3.56 MB ( <1%) committed,  1 nodes.
             Both:        1.06 GB reserved,      26.12 MB (  2%) committed. 

Chunk freelists:
   Non-Class:  1.48 MB
       Class:  480.00 KB
        Both:  1.95 MB

MaxMetaspaceSize: unlimited
CompressedClassSpaceSize: 1.00 GB
Initial GC threshold: 21.00 MB
Current GC threshold: 35.12 MB
CDS: on
MetaspaceReclaimPolicy: balanced
 - commit_granule_bytes: 65536.
 - commit_granule_words: 8192.
 - virtual_space_node_default_size: 8388608.
 - enlarge_chunks_in_place: 1.
 - new_chunks_are_fully_committed: 0.
 - uncommit_free_chunks: 1.
 - use_allocation_guard: 0.


Internal statistics:

num_allocs_failed_limit: 3.
num_arena_births: 382.
num_arena_deaths: 0.
num_vsnodes_births: 2.
num_vsnodes_deaths: 0.
num_space_committed: 418.
num_space_uncommitted: 0.
num_chunks_returned_to_freelist: 3.
num_chunks_taken_from_freelist: 1153.
num_chunk_merges: 0.
num_chunk_splits: 789.
num_chunks_enlarged: 594.
num_inconsistent_stats: 0.

CodeHeap 'non-profiled nmethods': size=120000Kb used=2125Kb max_used=2125Kb free=117874Kb
 bounds [0x0000015959ab0000, 0x0000015959d20000, 0x0000015960fe0000]
CodeHeap 'profiled nmethods': size=120000Kb used=10080Kb max_used=10080Kb free=109919Kb
 bounds [0x0000015952580000, 0x0000015952f60000, 0x0000015959ab0000]
CodeHeap 'non-nmethods': size=5760Kb used=1525Kb max_used=1576Kb free=4234Kb
 bounds [0x0000015951fe0000, 0x0000015952250000, 0x0000015952580000]
 total_blobs=5743 nmethods=4850 adapters=804
 compilation: enabled
              stopped_count=0, restarted_count=0
 full_count=0

Compilation events (20 events):
Event: 27.147 Thread 0x000001596caf4030 4843       3       com.sun.javafx.tk.quantum.GlassWindowEventHandler$$Lambda$179/0x0000000800d90aa8::get (8 bytes)
Event: 27.148 Thread 0x000001596caf4030 nmethod 4843 0x0000015952f4d090 code [0x0000015952f4d2c0, 0x0000015952f4d8c8]
Event: 27.955 Thread 0x000001596caf4030 4844       3       com.sun.glass.ui.Window::notifyMove (21 bytes)
Event: 27.956 Thread 0x000001596caf4030 nmethod 4844 0x0000015952f4db90 code [0x0000015952f4dd40, 0x0000015952f4df48]
Event: 27.956 Thread 0x000001596caf4030 4845       3       com.sun.javafx.stage.WindowPeerListener::changedLocation (12 bytes)
Event: 27.956 Thread 0x000001596caf4030 nmethod 4845 0x0000015952f4e010 code [0x0000015952f4e1a0, 0x0000015952f4e2e8]
Event: 27.956 Thread 0x000001596caf4030 4846       3       com.sun.javafx.stage.WindowHelper::notifyLocationChanged (12 bytes)
Event: 27.956 Thread 0x000001596caf4030 nmethod 4846 0x0000015952f4e390 code [0x0000015952f4e540, 0x0000015952f4e6c8]
Event: 27.986 Thread 0x000001596caf4030 4847       3       com.sun.glass.ui.win.WinWindow::notifyMoving (427 bytes)
Event: 27.988 Thread 0x000001596caf4030 nmethod 4847 0x0000015952f4e810 code [0x0000015952f4eb80, 0x0000015952f50698]
Event: 27.989 Thread 0x000001596caf4030 4848       3       com.sun.glass.ui.Screen::containsPlatformRect (59 bytes)
Event: 27.989 Thread 0x000001596caf4030 nmethod 4848 0x0000015952f51390 code [0x0000015952f51540, 0x0000015952f51868]
Event: 29.083 Thread 0x000001596caf4030 4849       3       com.sun.javafx.tk.quantum.GlassWindowEventHandler::run (671 bytes)
Event: 29.086 Thread 0x000001596caf4030 nmethod 4849 0x0000015952f51910 code [0x0000015952f51f20, 0x0000015952f55fb8]
Event: 29.403 Thread 0x000001596caf4030 4850       3       javafx.stage.Window$1::notifyLocationChanged (8 bytes)
Event: 29.403 Thread 0x000001596caf4030 nmethod 4850 0x0000015952f57410 code [0x0000015952f575c0, 0x0000015952f57788]
Event: 29.403 Thread 0x000001596caf4030 4851       3       javafx.stage.Window::notifyLocationChanged (17 bytes)
Event: 29.403 Thread 0x000001596caf4030 nmethod 4851 0x0000015952f57890 code [0x0000015952f57a40, 0x0000015952f57cf8]
Event: 29.433 Thread 0x000001596caf4030 4852       3       com.sun.glass.ui.Screen::containsPlatformCoords (44 bytes)
Event: 29.434 Thread 0x000001596caf4030 nmethod 4852 0x0000015952f57e10 code [0x0000015952f57fa0, 0x0000015952f581d8]

GC Heap History (10 events):
Event: 0.772 GC heap before
{Heap before GC invocations=0 (full 0):
 garbage-first heap   total 251904K, used 22528K [0x000000070a400000, 0x0000000800000000)
  region size 2048K, 11 young (22528K), 0 survivors (0K)
 Metaspace       used 4309K, committed 4480K, reserved 1114112K
  class space    used 458K, committed 576K, reserved 1048576K
}
Event: 0.776 GC heap after
{Heap after GC invocations=1 (full 0):
 garbage-first heap   total 251904K, used 2912K [0x000000070a400000, 0x0000000800000000)
  region size 2048K, 2 young (4096K), 2 survivors (4096K)
 Metaspace       used 4309K, committed 4480K, reserved 1114112K
  class space    used 458K, committed 576K, reserved 1048576K
}
Event: 1.597 GC heap before
{Heap before GC invocations=1 (full 0):
 garbage-first heap   total 251904K, used 37728K [0x000000070a400000, 0x0000000800000000)
  region size 2048K, 20 young (40960K), 2 survivors (4096K)
 Metaspace       used 13940K, committed 14208K, reserved 1114112K
  class space    used 2030K, committed 2176K, reserved 1048576K
}
Event: 1.606 GC heap after
{Heap after GC invocations=2 (full 0):
 garbage-first heap   total 251904K, used 7820K [0x000000070a400000, 0x0000000800000000)
  region size 2048K, 3 young (6144K), 3 survivors (6144K)
 Metaspace       used 13940K, committed 14208K, reserved 1114112K
  class space    used 2030K, committed 2176K, reserved 1048576K
}
Event: 7.498 GC heap before
{Heap before GC invocations=2 (full 0):
 garbage-first heap   total 251904K, used 24204K [0x000000070a400000, 0x0000000800000000)
  region size 2048K, 11 young (22528K), 3 survivors (6144K)
 Metaspace       used 21214K, committed 21504K, reserved 1114112K
  class space    used 2785K, committed 2944K, reserved 1048576K
}
Event: 7.507 GC heap after
{Heap after GC invocations=3 (full 0):
 garbage-first heap   total 251904K, used 12631K [0x000000070a400000, 0x0000000800000000)
  region size 2048K, 5 young (10240K), 5 survivors (10240K)
 Metaspace       used 21214K, committed 21504K, reserved 1114112K
  class space    used 2785K, committed 2944K, reserved 1048576K
}
Event: 19.316 GC heap before
{Heap before GC invocations=4 (full 0):
 garbage-first heap   total 55296K, used 35159K [0x000000070a400000, 0x0000000800000000)
  region size 2048K, 16 young (32768K), 5 survivors (10240K)
 Metaspace       used 24864K, committed 25216K, reserved 1114112K
  class space    used 3259K, committed 3456K, reserved 1048576K
}
Event: 19.329 GC heap after
{Heap after GC invocations=5 (full 0):
 garbage-first heap   total 55296K, used 14782K [0x000000070a400000, 0x0000000800000000)
  region size 2048K, 2 young (4096K), 2 survivors (4096K)
 Metaspace       used 24864K, committed 25216K, reserved 1114112K
  class space    used 3259K, committed 3456K, reserved 1048576K
}
Event: 19.368 GC heap before
{Heap before GC invocations=5 (full 0):
 garbage-first heap   total 55296K, used 16830K [0x000000070a400000, 0x0000000800000000)
  region size 2048K, 3 young (6144K), 2 survivors (4096K)
 Metaspace       used 24921K, committed 25280K, reserved 1114112K
  class space    used 3263K, committed 3456K, reserved 1048576K
}
Event: 19.378 GC heap after
{Heap after GC invocations=6 (full 0):
 garbage-first heap   total 55296K, used 15152K [0x000000070a400000, 0x0000000800000000)
  region size 2048K, 1 young (2048K), 1 survivors (2048K)
 Metaspace       used 24921K, committed 25280K, reserved 1114112K
  class space    used 3263K, committed 3456K, reserved 1048576K
}

Deoptimization events (20 events):
Event: 22.260 Thread 0x00000159715be3f0 Uncommon trap: trap_request=0xffffffbe fr.pc=0x0000015959cae938 relative=0x0000000000000378
Event: 22.260 Thread 0x00000159715be3f0 Uncommon trap: reason=profile_predicate action=maybe_recompile pc=0x0000015959cae938 method=javafx.css.CompoundSelector.applies(Ljavafx/css/Styleable;[Ljava/util/Set;I)Z @ 89 c2
Event: 22.260 Thread 0x00000159715be3f0 DEOPT PACKING pc=0x0000015959cae938 sp=0x0000001cb5ef7370
Event: 22.260 Thread 0x00000159715be3f0 DEOPT UNPACKING pc=0x00000159520323a3 sp=0x0000001cb5ef7300 mode 2
Event: 22.268 Thread 0x00000159715be3f0 Uncommon trap: trap_request=0xffffffd6 fr.pc=0x0000015959caf7bc relative=0x000000000000037c
Event: 22.269 Thread 0x00000159715be3f0 Uncommon trap: reason=array_check action=maybe_recompile pc=0x0000015959caf7bc method=javafx.css.CompoundSelector.applies(Ljavafx/css/Styleable;[Ljava/util/Set;I)Z @ 128 c2
Event: 22.269 Thread 0x00000159715be3f0 DEOPT PACKING pc=0x0000015959caf7bc sp=0x0000001cb5ef7780
Event: 22.269 Thread 0x00000159715be3f0 DEOPT UNPACKING pc=0x00000159520323a3 sp=0x0000001cb5ef7708 mode 2
Event: 22.269 Thread 0x00000159715be3f0 Uncommon trap: trap_request=0xffffffd6 fr.pc=0x0000015959caf7bc relative=0x000000000000037c
Event: 22.269 Thread 0x00000159715be3f0 Uncommon trap: reason=array_check action=maybe_recompile pc=0x0000015959caf7bc method=javafx.css.CompoundSelector.applies(Ljavafx/css/Styleable;[Ljava/util/Set;I)Z @ 128 c2
Event: 22.269 Thread 0x00000159715be3f0 DEOPT PACKING pc=0x0000015959caf7bc sp=0x0000001cb5ef7780
Event: 22.269 Thread 0x00000159715be3f0 DEOPT UNPACKING pc=0x00000159520323a3 sp=0x0000001cb5ef7708 mode 2
Event: 22.269 Thread 0x00000159715be3f0 Uncommon trap: trap_request=0xffffffd6 fr.pc=0x0000015959caf7bc relative=0x000000000000037c
Event: 22.269 Thread 0x00000159715be3f0 Uncommon trap: reason=array_check action=maybe_recompile pc=0x0000015959caf7bc method=javafx.css.CompoundSelector.applies(Ljavafx/css/Styleable;[Ljava/util/Set;I)Z @ 128 c2
Event: 22.269 Thread 0x00000159715be3f0 DEOPT PACKING pc=0x0000015959caf7bc sp=0x0000001cb5ef7780
Event: 22.269 Thread 0x00000159715be3f0 DEOPT UNPACKING pc=0x00000159520323a3 sp=0x0000001cb5ef7708 mode 2
Event: 22.269 Thread 0x00000159715be3f0 Uncommon trap: trap_request=0xffffffd6 fr.pc=0x0000015959caf7bc relative=0x000000000000037c
Event: 22.269 Thread 0x00000159715be3f0 Uncommon trap: reason=array_check action=maybe_recompile pc=0x0000015959caf7bc method=javafx.css.CompoundSelector.applies(Ljavafx/css/Styleable;[Ljava/util/Set;I)Z @ 128 c2
Event: 22.269 Thread 0x00000159715be3f0 DEOPT PACKING pc=0x0000015959caf7bc sp=0x0000001cb5ef7780
Event: 22.269 Thread 0x00000159715be3f0 DEOPT UNPACKING pc=0x00000159520323a3 sp=0x0000001cb5ef7708 mode 2

Classes loaded (20 events):
Event: 18.949 Loading class java/lang/reflect/WildcardType done
Event: 18.949 Loading class sun/reflect/generics/reflectiveObjects/WildcardTypeImpl done
Event: 19.329 Loading class sun/security/ssl/Alert
Event: 19.330 Loading class sun/security/ssl/Alert done
Event: 19.330 Loading class sun/security/ssl/Alert$AlertConsumer
Event: 19.330 Loading class sun/security/ssl/Alert$AlertConsumer done
Event: 19.330 Loading class sun/security/ssl/Alert$Level
Event: 19.330 Loading class sun/security/ssl/Alert$Level done
Event: 19.331 Loading class javax/crypto/AEADBadTagException
Event: 19.332 Loading class javax/crypto/AEADBadTagException done
Event: 20.735 Loading class java/time/format/FormatStyle
Event: 20.735 Loading class java/time/format/FormatStyle done
Event: 20.840 Loading class java/util/BitSet$1BitSetSpliterator
Event: 20.840 Loading class java/util/BitSet$1BitSetSpliterator done
Event: 20.841 Loading class java/util/stream/IntPipeline$1
Event: 20.841 Loading class java/util/stream/IntPipeline$1 done
Event: 20.841 Loading class java/util/stream/IntPipeline$1$1
Event: 20.841 Loading class java/util/stream/IntPipeline$1$1 done
Event: 42.321 Loading class jdk/internal/misc/Signal$1
Event: 42.321 Loading class jdk/internal/misc/Signal$1 done

Classes unloaded (0 events):
No events

Classes redefined (0 events):
No events

Internal exceptions (20 events):
Event: 7.046 Thread 0x00000159715be3f0 Exception <a 'sun/nio/fs/WindowsException'{0x00000007194b7658}> (0x00000007194b7658) 
thrown [s\open\src\hotspot\share\prims\jni.cpp, line 516]
Event: 7.125 Thread 0x00000159715be3f0 Exception <a 'sun/nio/fs/WindowsException'{0x00000007193ba178}> (0x00000007193ba178) 
thrown [s\open\src\hotspot\share\prims\jni.cpp, line 516]
Event: 7.160 Thread 0x00000159715be3f0 Exception <a 'sun/nio/fs/WindowsException'{0x00000007190a1848}> (0x00000007190a1848) 
thrown [s\open\src\hotspot\share\prims\jni.cpp, line 516]
Event: 7.256 Thread 0x00000159715be3f0 Exception <a 'sun/nio/fs/WindowsException'{0x0000000718edea30}> (0x0000000718edea30) 
thrown [s\open\src\hotspot\share\prims\jni.cpp, line 516]
Event: 7.261 Thread 0x00000159715be3f0 Exception <a 'sun/nio/fs/WindowsException'{0x0000000718ef3bf8}> (0x0000000718ef3bf8) 
thrown [s\open\src\hotspot\share\prims\jni.cpp, line 516]
Event: 7.307 Thread 0x00000159715be3f0 Exception <a 'java/lang/NoSuchMethodError'{0x0000000718c1fb30}: 'java.lang.Object java.lang.invoke.DirectMethodHandle$Holder.invokeStaticInit(java.lang.Object, int, int, int, int)'> (0x0000000718c1fb30) 
thrown [s\open\src\hotspot\share\interpreter\linkResolver.cpp, line 766]
Event: 7.366 Thread 0x00000159715be3f0 Exception <a 'java/lang/NoSuchMethodError'{0x0000000718cf3e28}: 'java.lang.Object java.lang.invoke.DirectMethodHandle$Holder.invokeStaticInit(java.lang.Object, java.lang.Object, int, int, int, int)'> (0x0000000718cf3e28) 
thrown [s\open\src\hotspot\share\interpreter\linkResolver.cpp, line 766]
Event: 7.574 Thread 0x00000159715be3f0 Implicit null exception at 0x0000015959aed755 to 0x0000015959aedcf8
Event: 7.574 Thread 0x00000159715be3f0 Implicit null exception at 0x0000015959b07652 to 0x0000015959b07bd4
Event: 11.979 Thread 0x00000159715be3f0 Exception <a 'java/lang/NoSuchMethodError'{0x000000070c872d90}: 'java.lang.Object java.lang.invoke.DirectMethodHandle$Holder.newInvokeSpecial(java.lang.Object, java.lang.Object, int, int, int, int, int, java.lang.Object)'> (0x000000070c872d90) 
thrown [s\open\src\hotspot\share\interpreter\linkResolver.cpp, line 766]
Event: 11.981 Thread 0x00000159715be3f0 Exception <a 'java/lang/NoSuchMethodError'{0x000000070c885d70}: 'java.lang.Object java.lang.invoke.DirectMethodHandle$Holder.newInvokeSpecial(java.lang.Object, java.lang.Object, java.lang.Object, int, int, int, int, int)'> (0x000000070c885d70) 
thrown [s\open\src\hotspot\share\interpreter\linkResolver.cpp, line 766]
Event: 11.981 Thread 0x00000159715be3f0 Exception <a 'java/lang/NoSuchMethodError'{0x000000070c88d5d8}: 'java.lang.Object java.lang.invoke.Invokers$Holder.linkToTargetMethod(java.lang.Object, java.lang.Object, int, int, int, int, int, java.lang.Object)'> (0x000000070c88d5d8) 
thrown [s\open\src\hotspot\share\interpreter\linkResolver.cpp, line 766]
Event: 19.151 Thread 0x00000159715be3f0 Exception <a 'java/lang/NoSuchMethodError'{0x000000070bc6def8}: 'int java.lang.invoke.DirectMethodHandle$Holder.invokeVirtual(java.lang.Object, java.lang.Object)'> (0x000000070bc6def8) 
thrown [s\open\src\hotspot\share\interpreter\linkResolver.cpp, line 766]
Event: 19.154 Thread 0x00000159715be3f0 Exception <a 'java/lang/NoSuchMethodError'{0x000000070bc7d2c8}: 'float java.lang.invoke.DirectMethodHandle$Holder.invokeVirtual(java.lang.Object, java.lang.Object)'> (0x000000070bc7d2c8) 
thrown [s\open\src\hotspot\share\interpreter\linkResolver.cpp, line 766]
Event: 19.155 Thread 0x00000159715be3f0 Exception <a 'java/lang/NoSuchMethodError'{0x000000070bc84ee8}: 'float java.lang.invoke.DelegatingMethodHandle$Holder.reinvoke_L(java.lang.Object, java.lang.Object)'> (0x000000070bc84ee8) 
thrown [s\open\src\hotspot\share\interpreter\linkResolver.cpp, line 766]
Event: 19.522 Thread 0x00000159715c1410 Exception <a 'java/lang/NoSuchMethodError'{0x0000000718687250}: 'java.lang.Object java.lang.invoke.DirectMethodHandle$Holder.invokeStaticInit(java.lang.Object, int)'> (0x0000000718687250) 
thrown [s\open\src\hotspot\share\interpreter\linkResolver.cpp, line 766]
Event: 20.758 Thread 0x00000159715be3f0 Exception <a 'java/lang/ClassNotFoundException'{0x00000007184e0b80}: com/sun/javafx/scene/control/skin/resources/controls-nt> (0x00000007184e0b80) 
thrown [s\open\src\hotspot\share\prims\jni.cpp, line 535]
Event: 20.758 Thread 0x00000159715be3f0 Exception <a 'java/lang/ClassNotFoundException'{0x00000007184e9930}: com/sun/javafx/scene/control/skin/resources/controls-nt_ru> (0x00000007184e9930) 
thrown [s\open\src\hotspot\share\prims\jni.cpp, line 535]
Event: 20.758 Thread 0x00000159715be3f0 Exception <a 'java/lang/ClassNotFoundException'{0x00000007184eb0d0}: com/sun/javafx/scene/control/skin/resources/controls-nt_ru_RU> (0x00000007184eb0d0) 
thrown [s\open\src\hotspot\share\prims\jni.cpp, line 535]
Event: 20.804 Thread 0x00000159715be3f0 Exception <a 'java/lang/NoSuchMethodError'{0x00000007185cdd80}: 'void java.lang.invoke.DirectMethodHandle$Holder.invokeSpecialIFC(java.lang.Object, java.lang.Object, java.lang.Object, java.lang.Object)'> (0x00000007185cdd80) 
thrown [s\open\src\hotspot\share\interpreter\linkResolver.cpp, line 766]

VM Operations (20 events):
Event: 19.130 Executing VM operation: HandshakeAllThreads done
Event: 19.234 Executing VM operation: ICBufferFull
Event: 19.234 Executing VM operation: ICBufferFull done
Event: 19.316 Executing VM operation: G1CollectForAllocation
Event: 19.329 Executing VM operation: G1CollectForAllocation done
Event: 19.368 Executing VM operation: G1CollectForAllocation
Event: 19.378 Executing VM operation: G1CollectForAllocation done
Event: 19.484 Executing VM operation: HandshakeAllThreads
Event: 19.484 Executing VM operation: HandshakeAllThreads done
Event: 19.533 Executing VM operation: HandshakeAllThreads
Event: 19.533 Executing VM operation: HandshakeAllThreads done
Event: 20.534 Executing VM operation: Cleanup
Event: 20.534 Executing VM operation: Cleanup done
Event: 22.216 Executing VM operation: ICBufferFull
Event: 22.216 Executing VM operation: ICBufferFull done
Event: 23.217 Executing VM operation: Cleanup
Event: 23.217 Executing VM operation: Cleanup done
Event: 32.221 Executing VM operation: Cleanup
Event: 32.221 Executing VM operation: Cleanup done
Event: 42.324 Executing VM operation: Exit

Events (20 events):
Event: 9.284 Thread 0x000001597309e620 Thread exited: 0x000001597309e620
Event: 12.089 Thread 0x00000159716b6820 Thread added: 0x00000159716b6820
Event: 12.108 Thread 0x0000015972acd920 Thread added: 0x0000015972acd920
Event: 12.275 Thread 0x0000015972acd920 Thread exited: 0x0000015972acd920
Event: 12.275 Thread 0x00000159716b6820 Thread exited: 0x00000159716b6820
Event: 18.838 Thread 0x0000015972085b60 Thread added: 0x0000015972085b60
Event: 19.079 Thread 0x0000015971b7b070 Thread added: 0x0000015971b7b070
Event: 20.043 Thread 0x0000015972085b60 Thread exited: 0x0000015972085b60
Event: 20.043 Thread 0x0000015971b7b070 Thread exited: 0x0000015971b7b070
Event: 20.601 Thread 0x0000015972085b60 Thread added: 0x0000015972085b60
Event: 20.608 Thread 0x0000015972b2b8b0 Thread added: 0x0000015972b2b8b0
Event: 21.738 Thread 0x0000015972b2b8b0 Thread exited: 0x0000015972b2b8b0
Event: 21.738 Thread 0x0000015972085b60 Thread exited: 0x0000015972085b60
Event: 22.123 Thread 0x0000015972085b60 Thread added: 0x0000015972085b60
Event: 22.979 Thread 0x0000015972085b60 Thread exited: 0x0000015972085b60
Event: 42.321 Thread 0x0000015971fec430 Thread added: 0x0000015971fec430
Event: 42.322 Thread 0x0000015971fec900 Thread added: 0x0000015971fec900
Event: 42.322 Thread 0x0000015971fef920 Thread added: 0x0000015971fef920
Event: 42.323 Thread 0x0000015971fec900 Thread exited: 0x0000015971fec900
Event: 42.324 Thread 0x0000015971fef920 Thread exited: 0x0000015971fef920


Dynamic libraries:
0x00007ff718d60000 - 0x00007ff718d6e000 	C:\Users\krivy\.jdks\openjdk-18.0.1.1\bin\java.exe
0x00007ffa3e5e0000 - 0x00007ffa3e7e9000 	C:\WINDOWS\SYSTEM32\ntdll.dll
0x00007ffa3d800000 - 0x00007ffa3d8be000 	C:\WINDOWS\System32\KERNEL32.DLL
0x00007ffa3bfc0000 - 0x00007ffa3c33b000 	C:\WINDOWS\System32\KERNELBASE.dll
0x00007ffa3bd40000 - 0x00007ffa3be51000 	C:\WINDOWS\System32\ucrtbase.dll
0x00007ffa08020000 - 0x00007ffa08037000 	C:\Users\krivy\.jdks\openjdk-18.0.1.1\bin\jli.dll
0x00007ffa09000000 - 0x00007ffa0901a000 	C:\Users\krivy\.jdks\openjdk-18.0.1.1\bin\VCRUNTIME140.dll
0x00007ffa3e0d0000 - 0x00007ffa3e27d000 	C:\WINDOWS\System32\USER32.dll
0x00007ffa3c430000 - 0x00007ffa3c456000 	C:\WINDOWS\System32\win32u.dll
0x00007ffa21a60000 - 0x00007ffa21d05000 	C:\WINDOWS\WinSxS\amd64_microsoft.windows.common-controls_6595b64144ccf1df_6.0.22000.120_none_9d947278b86cc467\COMCTL32.dll
0x00007ffa3dd00000 - 0x00007ffa3dda3000 	C:\WINDOWS\System32\msvcrt.dll
0x00007ffa3c7c0000 - 0x00007ffa3c7e9000 	C:\WINDOWS\System32\GDI32.dll
0x00007ffa3bc20000 - 0x00007ffa3bd38000 	C:\WINDOWS\System32\gdi32full.dll
0x00007ffa3bf20000 - 0x00007ffa3bfbd000 	C:\WINDOWS\System32\msvcp_win.dll
0x00007ffa3d8c0000 - 0x00007ffa3d8f2000 	C:\WINDOWS\System32\IMM32.DLL
0x00007ffa2a320000 - 0x00007ffa2a32c000 	C:\Users\krivy\.jdks\openjdk-18.0.1.1\bin\vcruntime140_1.dll
0x00007ff9faf00000 - 0x00007ff9faf8d000 	C:\Users\krivy\.jdks\openjdk-18.0.1.1\bin\msvcp140.dll
0x00007ff9b26a0000 - 0x00007ff9b32b0000 	C:\Users\krivy\.jdks\openjdk-18.0.1.1\bin\server\jvm.dll
0x00007ffa3e420000 - 0x00007ffa3e4ce000 	C:\WINDOWS\System32\ADVAPI32.dll
0x00007ffa3c460000 - 0x00007ffa3c4fe000 	C:\WINDOWS\System32\sechost.dll
0x00007ffa3c580000 - 0x00007ffa3c6a0000 	C:\WINDOWS\System32\RPCRT4.dll
0x00007ffa3c7f0000 - 0x00007ffa3c7f8000 	C:\WINDOWS\System32\PSAPI.DLL
0x00007ffa21620000 - 0x00007ffa21629000 	C:\WINDOWS\SYSTEM32\WSOCK32.dll
0x00007ffa385a0000 - 0x00007ffa385d3000 	C:\WINDOWS\SYSTEM32\WINMM.dll
0x00007ffa33d90000 - 0x00007ffa33d9a000 	C:\WINDOWS\SYSTEM32\VERSION.dll
0x00007ffa3e050000 - 0x00007ffa3e0bf000 	C:\WINDOWS\System32\WS2_32.dll
0x00007ffa3ab30000 - 0x00007ffa3ab48000 	C:\WINDOWS\SYSTEM32\kernel.appcore.dll
0x00007ffa2a0f0000 - 0x00007ffa2a0fa000 	C:\Users\krivy\.jdks\openjdk-18.0.1.1\bin\jimage.dll
0x00007ffa38ff0000 - 0x00007ffa39211000 	C:\WINDOWS\SYSTEM32\DBGHELP.DLL
0x00007ffa2b780000 - 0x00007ffa2b7b1000 	C:\WINDOWS\SYSTEM32\dbgcore.DLL
0x00007ffa3c3b0000 - 0x00007ffa3c42f000 	C:\WINDOWS\System32\bcryptPrimitives.dll
0x00007ffa293c0000 - 0x00007ffa293ce000 	C:\Users\krivy\.jdks\openjdk-18.0.1.1\bin\instrument.dll
0x00007ffa07720000 - 0x00007ffa07745000 	C:\Users\krivy\.jdks\openjdk-18.0.1.1\bin\java.dll
0x00007ff9fac90000 - 0x00007ff9fad66000 	C:\Users\krivy\.jdks\openjdk-18.0.1.1\bin\jsvml.dll
0x00007ffa3ce60000 - 0x00007ffa3d618000 	C:\WINDOWS\System32\SHELL32.dll
0x00007ffa39ba0000 - 0x00007ffa3a405000 	C:\WINDOWS\SYSTEM32\windows.storage.dll
0x00007ffa3d960000 - 0x00007ffa3dcd8000 	C:\WINDOWS\System32\combase.dll
0x00007ffa39a30000 - 0x00007ffa39b96000 	C:\WINDOWS\SYSTEM32\wintypes.dll
0x00007ffa3d620000 - 0x00007ffa3d70a000 	C:\WINDOWS\System32\SHCORE.dll
0x00007ffa3e540000 - 0x00007ffa3e59d000 	C:\WINDOWS\System32\shlwapi.dll
0x00007ffa3b9e0000 - 0x00007ffa3ba01000 	C:\WINDOWS\SYSTEM32\profapi.dll
0x00007ffa07ab0000 - 0x00007ffa07ac3000 	C:\Users\krivy\.jdks\openjdk-18.0.1.1\bin\net.dll
0x00007ffa353e0000 - 0x00007ffa354f4000 	C:\WINDOWS\SYSTEM32\WINHTTP.dll
0x00007ffa3afd0000 - 0x00007ffa3b037000 	C:\WINDOWS\system32\mswsock.dll
0x00007ffa076c0000 - 0x00007ffa076d6000 	C:\Users\krivy\.jdks\openjdk-18.0.1.1\bin\nio.dll
0x00007ffa03440000 - 0x00007ffa03458000 	C:\Users\krivy\.jdks\openjdk-18.0.1.1\bin\zip.dll
0x00007ffa293a0000 - 0x00007ffa293ba000 	C:\Program Files\JetBrains\IntelliJ IDEA Community Edition 2022.1.3\bin\breakgen64.dll
0x000001594a5b0000 - 0x000001594a5b3000 	C:\Users\krivy\.openjfx\cache\18+12\api-ms-win-core-console-l1-1-0.dll
0x000001594a5c0000 - 0x000001594a5c3000 	C:\Users\krivy\.openjfx\cache\18+12\api-ms-win-core-console-l1-2-0.dll
0x000001594a5d0000 - 0x000001594a5d3000 	C:\Users\krivy\.openjfx\cache\18+12\api-ms-win-core-datetime-l1-1-0.dll
0x000001594a5e0000 - 0x000001594a5e3000 	C:\Users\krivy\.openjfx\cache\18+12\api-ms-win-core-debug-l1-1-0.dll
0x000001594a5f0000 - 0x000001594a5f3000 	C:\Users\krivy\.openjfx\cache\18+12\api-ms-win-core-errorhandling-l1-1-0.dll
0x000001594a600000 - 0x000001594a604000 	C:\Users\krivy\.openjfx\cache\18+12\api-ms-win-core-file-l1-1-0.dll
0x000001594a610000 - 0x000001594a613000 	C:\Users\krivy\.openjfx\cache\18+12\api-ms-win-core-file-l1-2-0.dll
0x000001594a620000 - 0x000001594a623000 	C:\Users\krivy\.openjfx\cache\18+12\api-ms-win-core-file-l2-1-0.dll
0x000001594a630000 - 0x000001594a633000 	C:\Users\krivy\.openjfx\cache\18+12\api-ms-win-core-handle-l1-1-0.dll
0x000001594a640000 - 0x000001594a643000 	C:\Users\krivy\.openjfx\cache\18+12\api-ms-win-core-heap-l1-1-0.dll
0x000001594a650000 - 0x000001594a653000 	C:\Users\krivy\.openjfx\cache\18+12\api-ms-win-core-interlocked-l1-1-0.dll
0x000001594a660000 - 0x000001594a663000 	C:\Users\krivy\.openjfx\cache\18+12\api-ms-win-core-libraryloader-l1-1-0.dll
0x000001596d3e0000 - 0x000001596d3e3000 	C:\Users\krivy\.openjfx\cache\18+12\api-ms-win-core-localization-l1-2-0.dll
0x000001596d3f0000 - 0x000001596d3f3000 	C:\Users\krivy\.openjfx\cache\18+12\api-ms-win-core-memory-l1-1-0.dll
0x0000015973320000 - 0x0000015973323000 	C:\Users\krivy\.openjfx\cache\18+12\api-ms-win-core-namedpipe-l1-1-0.dll
0x0000015973330000 - 0x0000015973333000 	C:\Users\krivy\.openjfx\cache\18+12\api-ms-win-core-processenvironment-l1-1-0.dll
0x0000015973340000 - 0x0000015973343000 	C:\Users\krivy\.openjfx\cache\18+12\api-ms-win-core-processthreads-l1-1-0.dll
0x0000015973350000 - 0x0000015973353000 	C:\Users\krivy\.openjfx\cache\18+12\api-ms-win-core-processthreads-l1-1-1.dll
0x0000015973360000 - 0x0000015973363000 	C:\Users\krivy\.openjfx\cache\18+12\api-ms-win-core-profile-l1-1-0.dll
0x0000015973370000 - 0x0000015973373000 	C:\Users\krivy\.openjfx\cache\18+12\api-ms-win-core-rtlsupport-l1-1-0.dll
0x0000015973200000 - 0x0000015973203000 	C:\Users\krivy\.openjfx\cache\18+12\api-ms-win-core-string-l1-1-0.dll
0x0000015973210000 - 0x0000015973213000 	C:\Users\krivy\.openjfx\cache\18+12\api-ms-win-core-synch-l1-1-0.dll
0x0000015973220000 - 0x0000015973223000 	C:\Users\krivy\.openjfx\cache\18+12\api-ms-win-core-synch-l1-2-0.dll
0x0000015973230000 - 0x0000015973233000 	C:\Users\krivy\.openjfx\cache\18+12\api-ms-win-core-sysinfo-l1-1-0.dll
0x0000015973240000 - 0x0000015973243000 	C:\Users\krivy\.openjfx\cache\18+12\api-ms-win-core-timezone-l1-1-0.dll
0x0000015973250000 - 0x0000015973253000 	C:\Users\krivy\.openjfx\cache\18+12\api-ms-win-core-util-l1-1-0.dll
0x0000015973260000 - 0x0000015973263000 	C:\Users\krivy\.openjfx\cache\18+12\api-ms-win-crt-conio-l1-1-0.dll
0x0000015973270000 - 0x0000015973274000 	C:\Users\krivy\.openjfx\cache\18+12\api-ms-win-crt-convert-l1-1-0.dll
0x0000015973280000 - 0x0000015973283000 	C:\Users\krivy\.openjfx\cache\18+12\api-ms-win-crt-environment-l1-1-0.dll
0x0000015973290000 - 0x0000015973293000 	C:\Users\krivy\.openjfx\cache\18+12\api-ms-win-crt-filesystem-l1-1-0.dll
0x00000159732a0000 - 0x00000159732a3000 	C:\Users\krivy\.openjfx\cache\18+12\api-ms-win-crt-heap-l1-1-0.dll
0x00000159732b0000 - 0x00000159732b3000 	C:\Users\krivy\.openjfx\cache\18+12\api-ms-win-crt-locale-l1-1-0.dll
0x00000159732c0000 - 0x00000159732c5000 	C:\Users\krivy\.openjfx\cache\18+12\api-ms-win-crt-math-l1-1-0.dll
0x00000159732d0000 - 0x00000159732d5000 	C:\Users\krivy\.openjfx\cache\18+12\api-ms-win-crt-multibyte-l1-1-0.dll
0x00000159732e0000 - 0x00000159732f0000 	C:\Users\krivy\.openjfx\cache\18+12\api-ms-win-crt-private-l1-1-0.dll
0x00000159732f0000 - 0x00000159732f3000 	C:\Users\krivy\.openjfx\cache\18+12\api-ms-win-crt-process-l1-1-0.dll
0x0000015973300000 - 0x0000015973304000 	C:\Users\krivy\.openjfx\cache\18+12\api-ms-win-crt-runtime-l1-1-0.dll
0x0000015973310000 - 0x0000015973314000 	C:\Users\krivy\.openjfx\cache\18+12\api-ms-win-crt-stdio-l1-1-0.dll
0x00000159734c0000 - 0x00000159734c4000 	C:\Users\krivy\.openjfx\cache\18+12\api-ms-win-crt-string-l1-1-0.dll
0x00000159730e0000 - 0x00000159730e3000 	C:\Users\krivy\.openjfx\cache\18+12\api-ms-win-crt-time-l1-1-0.dll
0x00000159730f0000 - 0x00000159730f3000 	C:\Users\krivy\.openjfx\cache\18+12\api-ms-win-crt-utility-l1-1-0.dll
0x00007ffa021f0000 - 0x00007ffa022ec000 	C:\Users\krivy\.openjfx\cache\18+12\ucrtbase.dll
0x00007ffa170a0000 - 0x00007ffa170ba000 	C:\Users\krivy\.openjfx\cache\18+12\vcruntime140.dll
0x00007ffa1e120000 - 0x00007ffa1e12c000 	C:\Users\krivy\.openjfx\cache\18+12\vcruntime140_1.dll
0x00007ff9f96a0000 - 0x00007ff9f972d000 	C:\Users\krivy\.openjfx\cache\18+12\msvcp140.dll
0x00007ffa17070000 - 0x00007ffa1709c000 	C:\Users\krivy\.openjfx\cache\18+12\prism_d3d.dll
0x00007ff9fedf0000 - 0x00007ff9fef96000 	C:\WINDOWS\system32\d3d9.dll
0x00007ffa38a30000 - 0x00007ffa38a5f000 	C:\WINDOWS\SYSTEM32\dwmapi.dll
0x00007ffa387d0000 - 0x00007ffa38808000 	C:\WINDOWS\SYSTEM32\dxcore.dll
0x00007ffa386c0000 - 0x00007ffa3876c000 	C:\WINDOWS\system32\uxtheme.dll
0x00007ffa30670000 - 0x00007ffa3084b000 	C:\Windows\System32\DriverStore\FileRepository\u0371089.inf_amd64_979ef2d4a87baf59\B365432\aticfx64.dll
0x00007ffa074e0000 - 0x00007ffa07513000 	C:\Windows\System32\DriverStore\FileRepository\u0371089.inf_amd64_979ef2d4a87baf59\B365432\atiu9p64.dll
0x00007ff9fbaf0000 - 0x00007ff9fc7fc000 	C:\Windows\System32\DriverStore\FileRepository\u0371089.inf_amd64_979ef2d4a87baf59\B365432\atiumd64.dll
0x00007ffa3e280000 - 0x00007ffa3e41a000 	C:\WINDOWS\System32\ole32.dll
0x000000005a880000 - 0x000000005b73e000 	C:\WINDOWS\System32\DriverStore\FileRepository\u0371089.inf_amd64_979ef2d4a87baf59\B365432\atiumd6a.dll
0x00007ffa3b980000 - 0x00007ffa3b9cd000 	C:\WINDOWS\SYSTEM32\POWRPROF.dll
0x00007ffa3b410000 - 0x00007ffa3b437000 	C:\WINDOWS\SYSTEM32\bcrypt.dll
0x00007ffa3b960000 - 0x00007ffa3b973000 	C:\WINDOWS\SYSTEM32\UMPDC.dll
0x00007ffa30590000 - 0x00007ffa305bf000 	C:\WINDOWS\SYSTEM32\amdihk64.dll
0x00007ffa33c80000 - 0x00007ffa33cc4000 	C:\WINDOWS\SYSTEM32\directxdatabasehelper.dll
0x00007ffa3ab50000 - 0x00007ffa3ab84000 	C:\WINDOWS\SYSTEM32\ntmarta.dll
0x00007ffa02730000 - 0x00007ffa02772000 	C:\Users\krivy\.openjfx\cache\18+12\glass.dll
0x00007ffa3d710000 - 0x00007ffa3d7fc000 	C:\WINDOWS\System32\COMDLG32.dll
0x00007ffa3df70000 - 0x00007ffa3e046000 	C:\WINDOWS\System32\OLEAUT32.dll
0x00007ff9ecbb0000 - 0x00007ff9ecce9000 	C:\ProgramData\A-Volute\A-Volute.Nahimic\Modules\Scheduled\x64\AudioDevProps2.dll
0x00007ffa3c6a0000 - 0x00007ffa3c7bd000 	C:\WINDOWS\System32\MSCTF.dll
0x00007ffa021d0000 - 0x00007ffa021e4000 	C:\Users\krivy\.openjfx\cache\18+12\javafx_font.dll
0x00007ffa38020000 - 0x00007ffa3827f000 	C:\WINDOWS\SYSTEM32\dwrite.dll
0x00007ffa3c8a0000 - 0x00007ffa3c955000 	C:\WINDOWS\System32\clbcatq.dll
0x00007ffa32670000 - 0x00007ffa3281e000 	C:\WINDOWS\SYSTEM32\WindowsCodecs.dll
0x00007ffa26810000 - 0x00007ffa2686d000 	C:\WINDOWS\system32\dataexchange.dll
0x00007ffa320a0000 - 0x00007ffa32306000 	C:\WINDOWS\system32\twinapi.appcore.dll
0x00007ff9fe0c0000 - 0x00007ff9fe0f2000 	C:\Program Files\Common Files\Microsoft Shared\Ink\rtscom.dll
0x00007ffa29220000 - 0x00007ffa2934d000 	C:\WINDOWS\SYSTEM32\textinputframework.dll
0x00007ffa376b0000 - 0x00007ffa377e1000 	C:\WINDOWS\SYSTEM32\CoreMessaging.dll
0x00007ffa33120000 - 0x00007ffa3348d000 	C:\WINDOWS\SYSTEM32\CoreUIComponents.dll
0x00007ffa3b210000 - 0x00007ffa3b21c000 	C:\WINDOWS\SYSTEM32\CRYPTBASE.DLL
0x00007ffa3a690000 - 0x00007ffa3a778000 	C:\WINDOWS\SYSTEM32\DNSAPI.dll
0x00007ffa3a660000 - 0x00007ffa3a68d000 	C:\WINDOWS\SYSTEM32\IPHLPAPI.DLL
0x00007ffa3c800000 - 0x00007ffa3c809000 	C:\WINDOWS\System32\NSI.dll
0x00007ffa2e6d0000 - 0x00007ffa2e6da000 	C:\Windows\System32\rasadhlp.dll

dbghelp: loaded successfully - version: 4.0.5 - missing functions: none
symbol engine: initialized successfully - sym options: 0x614 - pdb path: .;C:\Users\krivy\.jdks\openjdk-18.0.1.1\bin;C:\WINDOWS\SYSTEM32;C:\WINDOWS\WinSxS\amd64_microsoft.windows.common-controls_6595b64144ccf1df_6.0.22000.120_none_9d947278b86cc467;C:\Users\krivy\.jdks\openjdk-18.0.1.1\bin\server;C:\Program Files\JetBrains\IntelliJ IDEA Community Edition 2022.1.3\bin;C:\Users\krivy\.openjfx\cache\18+12;C:\Windows\System32\DriverStore\FileRepository\u0371089.inf_amd64_979ef2d4a87baf59\B365432;C:\ProgramData\A-Volute\A-Volute.Nahimic\Modules\Scheduled\x64;C:\Program Files\Common Files\Microsoft Shared\Ink

VM Arguments:
jvm_args: -javaagent:C:\Program Files\JetBrains\IntelliJ IDEA Community Edition 2022.1.3\lib\idea_rt.jar=57884:C:\Program Files\JetBrains\IntelliJ IDEA Community Edition 2022.1.3\bin -Dfile.encoding=windows-1251 --module-path=C:\Users\krivy\.m2\repository\org\openjfx\javafx-base\18\javafx-base-18-win.jar;C:\Users\krivy\.m2\repository\com\github\almasb\fxgl-io\17\fxgl-io-17.jar;C:\Users\krivy\.m2\repository\com\gluonhq\attach\audio\4.0.9\audio-4.0.9.jar;C:\Users\krivy\.m2\repository\org\openjfx\javafx-fxml\18\javafx-fxml-18-win.jar;C:\Users\krivy\.m2\repository\com\github\almasb\fxgl-core\17\fxgl-core-17.jar;C:\Users\krivy\.m2\repository\com\github\almasb\fxgl\17\fxgl-17.jar;C:\Users\krivy\.m2\repository\org\openjfx\javafx-controls\18\javafx-controls-18-win.jar;C:\Users\krivy\.m2\repository\com\gluonhq\attach\lifecycle\4.0.9\lifecycle-4.0.9.jar;C:\Users\krivy\.m2\repository\org\openjfx\javafx-media\18\javafx-media-18-win.jar;C:\Users\krivy\.m2\repository\com\dlsc\formsfx\formsfx-core\11.3.2\formsfx-core-11.3.2.jar;C:\Users\krivy\.m2\repository\com\github\almasb\fxgl-gameplay\17\fxgl-gameplay-17.jar;C:\Users\krivy\.m2\repository\com\fasterxml\jackson\core\jackson-annotations\2.12.1\jackson-annotations-2.12.1.jar;C:\Users\krivy\.m2\repository\com\fasterxml\jackson\core\jackson-databind\2.12.1\jackson-databind-2.12.1.jar;C:\Users\krivy\.m2\repository\org\kordamp\bootstrapfx\bootstrapfx-core\0.4.0\bootstrapfx-core-0.4.0.jar;C:\Users\krivy\.m2\repository\com\gluonhq\attach\storage\4.0.9\storage-4.0.9.jar;C:\Users\krivy\.m2\repository\com\gluonhq\attach\util\4.0.9\util-4.0.9.jar;C:\Users\krivy\IdeaProjects\kis\target\classes;C:\Users\krivy\.m2\repository\org\jetbrains\kotlin\kotlin-stdlib\1.5.32\kotlin-stdlib-1.5.32-modular.jar;C:\Users\krivy\.m2\repository\com\github\almasb\fxgl-entity\17\fxgl-entity-17.jar;C:\Users\krivy\.m2\repository\org\controlsfx\controlsfx\11.1.1\controlsfx-11.1.1.jar;C:\Users\krivy\.m2\repository\com\fasterxml\jackson\core\jackson-core\2.12.1\jackson-core-2.12.1.jar;C:\Users\krivy\.m2\repository\com\github\almasb\fxgl-scene\17\fxgl-scene-17.jar;C:\Users\krivy\.m2\repository\org\openjfx\javafx-graphics\18\javafx-graphics-18-win.jar -Djdk.module.main=com.example.kis 
java_command: com.example.kis/com.example.kis.Main
java_class_path (initial): C:\Users\krivy\.m2\repository\org\openjfx\javafx-controls\18\javafx-controls-18.jar;C:\Users\krivy\.m2\repository\org\openjfx\javafx-graphics\18\javafx-graphics-18.jar;C:\Users\krivy\.m2\repository\org\openjfx\javafx-base\18\javafx-base-18.jar;C:\Users\krivy\.m2\repository\org\openjfx\javafx-fxml\18\javafx-fxml-18.jar;C:\Users\krivy\.m2\repository\org\openjfx\javafx-media\18\javafx-media-18.jar;C:\Users\krivy\.m2\repository\org\jetbrains\annotations\13.0\annotations-13.0.jar;C:\Users\krivy\.m2\repository\org\jetbrains\kotlin\kotlin-stdlib-common\1.5.32\kotlin-stdlib-common-1.5.32.jar;C:\Users\krivy\IdeaProjects\kis\lib\mysql-connector-java-8.0.25.jar;C:\Users\krivy\IdeaProjects\kis\lib\protobuf-java-3.11.4.jar
Launcher Type: SUN_STANDARD

[Global flags]
     intx CICompilerCount                          = 4                                         {product} {ergonomic}
     uint ConcGCThreads                            = 3                                         {product} {ergonomic}
     uint G1ConcRefinementThreads                  = 10                                        {product} {ergonomic}
   size_t G1HeapRegionSize                         = 2097152                                   {product} {ergonomic}
    uintx GCDrainStackTargetSize                   = 64                                        {product} {ergonomic}
   size_t InitialHeapSize                          = 257949696                                 {product} {ergonomic}
   size_t MarkStackSize                            = 4194304                                   {product} {ergonomic}
   size_t MaxHeapSize                              = 4123000832                                {product} {ergonomic}
   size_t MaxNewSize                               = 2472542208                                {product} {ergonomic}
   size_t MinHeapDeltaBytes                        = 2097152                                   {product} {ergonomic}
   size_t MinHeapSize                              = 8388608                                   {product} {ergonomic}
    uintx NonNMethodCodeHeapSize                   = 5839372                                {pd product} {ergonomic}
    uintx NonProfiledCodeHeapSize                  = 122909434                              {pd product} {ergonomic}
    uintx ProfiledCodeHeapSize                     = 122909434                              {pd product} {ergonomic}
    uintx ReservedCodeCacheSize                    = 251658240                              {pd product} {ergonomic}
     bool SegmentedCodeCache                       = true                                      {product} {ergonomic}
   size_t SoftMaxHeapSize                          = 4123000832                             {manageable} {ergonomic}
     bool UseCompressedClassPointers               = true                           {product lp64_product} {ergonomic}
     bool UseCompressedOops                        = true                           {product lp64_product} {ergonomic}
     bool UseG1GC                                  = true                                      {product} {ergonomic}
     bool UseLargePagesIndividualAllocation        = false                                  {pd product} {ergonomic}

Logging:
Log output configuration:
 #0: stdout all=off uptime,level,tags foldmultilines=false
 #1: stderr all=off uptime,level,tags foldmultilines=false

Environment Variables:
JAVA_HOME=C:\Program Filess\Java\jdk-18
PATH=C:\Program Files (x86)\Common Files\Intel\Shared Libraries\redist\intel64\compiler;C:\Program Files\Common Files\Oracle\Java\javapath;C:\Program Files (x86)\Common Files\Oracle\Java\javapath;C:\WINDOWS\system32;C:\WINDOWS;C:\WINDOWS\System32\Wbem;C:\WINDOWS\System32\WindowsPowerShell\v1.0\;C:\WINDOWS\System32\OpenSSH\;C:\Program Files\Java\jdk-18\bin;C:\Program Files\Git\cmd;C:\Program Files\PuTTY\;C:\Program Files\nodejs\;C:\Users\krivy\AppData\Local\Microsoft\WindowsApps;C:\Users\krivy\AppData\Local\Programs\Microsoft VS Code\bin;C:\Program Files\JetBrains\IntelliJ IDEA Community Edition 2022.1.3\bin;;C:\Program Files\JetBrains\IntelliJ IDEA Educational Edition 2022.1.1\bin;;D:\ \miktex\bin\x64\;C:\PHP;C:\Users\krivy\AppData\Roaming\npm;C:\Users\krivy\AppData\Local\Packages\PythonSoftwareFoundation.Python.3.10_qbz5n2kfra8p0\LocalCache\local-packages\Python310\Scripts;
USERNAME=krivy
OS=Windows_NT
PROCESSOR_IDENTIFIER=AMD64 Family 23 Model 104 Stepping 1, AuthenticAMD



---------------  S Y S T E M  ---------------

OS:
 Windows 11 , 64 bit Build 22000 (10.0.22000.1219)
OS uptime: 4 days 19:29 hours

CPU: total 12 (initial active 12) (12 cores per cpu, 2 threads per core) family 23 model 104 stepping 1 microcode 0x0, cx8, cmov, fxsr, ht, mmx, 3dnowpref, sse, sse2, sse3, ssse3, sse4a, sse4.1, sse4.2, popcnt, lzcnt, tsc, tscinvbit, avx, avx2, aes, clmul, bmi1, bmi2, adx, sha, fma, vzeroupper, clflush, clflushopt

Memory: 4k page, system-wide physical 15722M (3622M free)
TotalPageFile size 18173M (AvailPageFile size 3116M)
current process WorkingSet (physical memory assigned to process): 166M, peak: 188M
current process commit charge ("private bytes"): 237M, peak: 424M

vm_info: OpenJDK 64-Bit Server VM (18.0.1.1+2-6) for windows-amd64 JRE (18.0.1.1+2-6), built on Apr 25 2022 21:50:56 by "mach5one" with MS VC++ 16.8 / 16.9 (VS2019)

END.
